date: 2013-08-26 11:34:57.388
argv: node /usr/bin/hexo generate
os: Linux 3.5.0-17-generic linux x64
version:
  hexo: 2.0.1
  http_parser: 1.0
  node: 0.10.17
  v8: 3.14.5.9
  ares: 1.9.0-DEV
  uv: 0.10.14
  zlib: 1.2.3
  modules: 11
  openssl: 1.0.1e
---

[debug] 11:34:56.825 Configuration file load successfully
[debug] 11:34:56.834 Version info checked successfully
[debug] 11:34:56.834 Loading the database...
[debug] 11:34:57.029 Theme layout loaded
[debug] 11:34:57.065 Theme source loaded
[debug] 11:34:57.071 Theme configuration loaded
[debug] 11:34:57.081 Theme i18n loaded
[debug] 11:34:57.121 Processed: _posts/hello-world.md
[debug] 11:34:57.148 Cache saved
[info] 11:34:57.149 Files loaded in 0.139s
[debug] 11:34:57.163 Public folder not exists. No need to clear public folder.
[debug] 11:34:57.179 Render archive: archives/
[debug] 11:34:57.180 Render archive: archives/2013/
[debug] 11:34:57.180 Render archive: archives/2013/08/
[debug] 11:34:57.180 Render index: 
[debug] 11:34:57.180 Render post: 2013/08/26/hello-world/
[error] 11:34:57.387 HexoError: Render failed: css/style.css
ParseError: /home/brubrant/Documents/dev/brubrant.github.io/themes/light/source/css/_base/variable.styl:14
   10| font-serif = "Georgia", serif
   11| font-mono = Monaco, Menlo, Consolas, Courier New, monospace
   12| font-title = "Lato", Helvetica Neue, Helvetica, Arial, sans-serif
   13| 
 > 14| @import url( //fonts.googleapis.com/css?family=Lato:400,400italic )
   15| 
   16| font-icon = FontAwesome
   17| font-icon-path = 'font/fontawesome-webfont'

expected ")", got "space"

    at Parser.error (/usr/lib/node_modules/hexo/node_modules/stylus/lib/parser.js:166:11)
    at Parser.expect (/usr/lib/node_modules/hexo/node_modules/stylus/lib/parser.js:194:12)
    at Parser.url (/usr/lib/node_modules/hexo/node_modules/stylus/lib/parser.js:1227:10)
    at Parser.functionCall (/usr/lib/node_modules/hexo/node_modules/stylus/lib/parser.js:1237:52)
    at Parser.primary (/usr/lib/node_modules/hexo/node_modules/stylus/lib/parser.js:1611:21)
    at Parser.subscript (/usr/lib/node_modules/hexo/node_modules/stylus/lib/parser.js:1561:21)
    at Parser.unary (/usr/lib/node_modules/hexo/node_modules/stylus/lib/parser.js:1552:17)
    at Parser.defined (/usr/lib/node_modules/hexo/node_modules/stylus/lib/parser.js:1526:21)
    at Parser.multiplicative (/usr/lib/node_modules/hexo/node_modules/stylus/lib/parser.js:1500:21)
    at Parser.additive (/usr/lib/node_modules/hexo/node_modules/stylus/lib/parser.js:1485:21)
